  0 0.7245 1.2380
  1 0.8762 1.1444
  2 0.9177 1.0951
  3 0.9438 1.0723
  4 0.9601 1.0682
  5 0.9580 1.0445
  6 0.9562 1.0329
  7 0.9662 1.0273
  8 0.9664 1.0220
  9 0.9673 1.0237
 10 0.9680 1.0156
 11 0.9710 1.0140
 12 0.9698 1.0110
 13 0.9719 1.0136
 14 0.9746 1.0136
 15 0.9683 1.0059
 16 0.9744 1.0082
 17 0.9764 1.0075
 18 0.9707 1.0043
 19 0.9800 1.0087
 20 0.9780 1.0111
 21 0.9723 0.9997
 22 0.9791 1.0039
 23 0.9760 0.9997
 24 0.9787 1.0038
 25 0.9717 1.0040
 26 0.9696 0.9952
 27 0.9755 0.9994
 28 0.9730 0.9977
 29 0.9748 0.9967
 30 0.9591 0.9591
