  0 0.6908 1.2864
  1 0.8315 1.1376
  2 0.9020 1.0925
  3 0.9239 1.0639
  4 0.9417 1.0466
  5 0.9461 1.0291
  6 0.9518 1.0217
  7 0.9619 1.0200
  8 0.9680 1.0194
  9 0.9625 1.0083
 10 0.9660 1.0073
 11 0.9663 1.0054
 12 0.9700 1.0040
 13 0.9596 0.9989
 14 0.9696 0.9986
 15 0.9652 0.9925
 16 0.9667 0.9945
 17 0.9686 0.9962
 18 0.9675 0.9977
 19 0.9703 0.9929
 20 0.9668 0.9896
 21 0.9743 0.9964
 22 0.9781 0.9989
 23 0.9748 0.9959
 24 0.9747 0.9953
 25 0.9693 0.9884
 26 0.9712 0.9891
 27 0.9730 0.9928
 28 0.9697 0.9868
 29 0.9756 0.9917
 30 0.9771 0.9941
 31 0.9779 0.9954
 32 0.9706 0.9877
 33 0.9703 0.9865
 34 0.9786 0.9931
 35 0.9760 0.9921
 36 0.9736 0.9887
 37 0.9754 0.9900
 38 0.9800 0.9933
 39 0.9707 0.9845
